<?xml version="1.0" encoding="UTF-8"?>
<!-- Generated by org.testng.reporters.JUnitReportReporter -->
<testsuite hostname="DESKTOP-T3UULDR" name="Academy.HomePage" tests="2" failures="0" timestamp="16 Aug 2021 06:55:10 GMT" time="12.188" errors="0">
  <testcase name="basePageNaviagtion" time="6.158" classname="Academy.HomePage"/>
  <testcase name="basePageNaviagtion" time="6.030" classname="Academy.HomePage"/>
</testsuite> <!-- Academy.HomePage -->
