<?xml version="1.0" encoding="UTF-8"?>
<!-- Generated by org.testng.reporters.JUnitReportReporter -->
<testsuite hostname="DESKTOP-T3UULDR" name="Academy.HomePage" tests="2" failures="0" timestamp="2 Sep 2021 17:11:10 GMT" time="12.325" errors="0">
  <testcase name="basePageNaviagtion" time="6.272" classname="Academy.HomePage"/>
  <testcase name="basePageNaviagtion" time="6.053" classname="Academy.HomePage"/>
</testsuite> <!-- Academy.HomePage -->
