<?xml version="1.0" encoding="UTF-8"?>
<!-- Generated by org.testng.reporters.JUnitReportReporter -->
<testsuite hostname="DESKTOP-T3UULDR" name="Academy.HomePage" tests="1" failures="0" timestamp="16 Aug 2021 06:31:22 GMT" time="7.364" errors="0">
  <testcase name="basePageNaviagtion" time="7.364" classname="Academy.HomePage"/>
</testsuite> <!-- Academy.HomePage -->
