<?xml version="1.0" encoding="UTF-8"?>
<!-- Generated by org.testng.reporters.JUnitReportReporter -->
<testsuite hostname="DESKTOP-T3UULDR" name="Academy.SignUpPage" tests="1" failures="0" timestamp="2 Sep 2021 17:11:10 GMT" time="5.058" errors="0">
  <testcase name="signUp" time="5.058" classname="Academy.SignUpPage"/>
</testsuite> <!-- Academy.SignUpPage -->
