<?xml version="1.0" encoding="UTF-8"?>
<!-- Generated by org.testng.reporters.JUnitReportReporter -->
<testsuite hostname="DESKTOP-T3UULDR" name="Academy.SignUpPage" tests="1" failures="0" timestamp="16 Aug 2021 05:47:47 GMT" time="5.054" errors="0">
  <testcase name="signUp" time="5.054" classname="Academy.SignUpPage"/>
</testsuite> <!-- Academy.SignUpPage -->
