<?xml version="1.0" encoding="UTF-8"?>
<!-- Generated by org.testng.reporters.JUnitReportReporter -->
<testsuite hostname="DESKTOP-T3UULDR" name="Academy.SignUpPage" tests="1" failures="0" timestamp="17 Aug 2021 19:44:55 GMT" time="5.055" errors="0">
  <testcase name="signUp" time="5.055" classname="Academy.SignUpPage"/>
</testsuite> <!-- Academy.SignUpPage -->
