<?xml version="1.0" encoding="UTF-8"?>
<!-- Generated by org.testng.reporters.JUnitReportReporter -->
<testsuite hostname="DESKTOP-T3UULDR" name="Academy.HomePage" tests="2" failures="0" timestamp="17 Aug 2021 19:44:55 GMT" time="14.473" errors="0">
  <testcase name="basePageNaviagtion" time="7.283" classname="Academy.HomePage"/>
  <testcase name="basePageNaviagtion" time="7.190" classname="Academy.HomePage"/>
</testsuite> <!-- Academy.HomePage -->
